{"uid":"318fb02191ea48eb","name":"career()","fullName":"junit.TestBankRF.career","historyId":"4b84bd28074749349a1dd771d94b4e1","time":{"start":1710700119847,"stop":1710700134333,"duration":14486},"description":"","status":"failed","statusMessage":"Invalid element state [.select__list li[data-value=\"Информационные технологии\"].findBy(text \"Информационные технологии\")]: element click intercepted: Element <li class=\"select__item\" data-value=\"...\">Информационные технологии</li> is not clickable at point (1192, 930). Other element would receive the click: <div class=\"cookie-warn \" id=\"cookie-warn\" onclick=\"ym (50230510, 'reachGoal', 'sk-cookie-agree', {URL: document.location.href})\" style=\"display: flex; opacity: 1;\">...</div>\nScreenshot: file:/home/runner/work/demoqa-test-1/demoqa-test-1/build/reports/tests/1710700134003.4.png\nPage source: file:/home/runner/work/demoqa-test-1/demoqa-test-1/build/reports/tests/1710700134003.4.html\nTimeout: 4 s.\nCaused by: ElementClickInterceptedException: element click intercepted: Element <li class=\"select__item\" data-value=\"...\">Информационные технологии</li> is not clickable at point (1192, 930). Other element would receive the click: <div class=\"cookie-warn \" id=\"cookie-warn\" onclick=\"ym (50230510, 'reachGoal', 'sk-cookie-agree', {URL: document.location.href})\" style=\"display: flex; opacity: 1;\">...</div>","statusTrace":"Invalid element state [.select__list li[data-value=\"Информационные технологии\"].findBy(text \"Информационные технологии\")]: element click intercepted: Element <li class=\"select__item\" data-value=\"...\">Информационные технологии</li> is not clickable at point (1192, 930). Other element would receive the click: <div class=\"cookie-warn \" id=\"cookie-warn\" onclick=\"ym (50230510, 'reachGoal', 'sk-cookie-agree', {URL: document.location.href})\" style=\"display: flex; opacity: 1;\">...</div>\nScreenshot: file:/home/runner/work/demoqa-test-1/demoqa-test-1/build/reports/tests/1710700134003.4.png\nPage source: file:/home/runner/work/demoqa-test-1/demoqa-test-1/build/reports/tests/1710700134003.4.html\nTimeout: 4 s.\nCaused by: ElementClickInterceptedException: element click intercepted: Element <li class=\"select__item\" data-value=\"...\">Информационные технологии</li> is not clickable at point (1192, 930). Other element would receive the click: <div class=\"cookie-warn \" id=\"cookie-warn\" onclick=\"ym (50230510, 'reachGoal', 'sk-cookie-agree', {URL: document.location.href})\" style=\"display: flex; opacity: 1;\">...</div>\n\tat com.codeborne.selenide.impl.ExceptionWrapper.wrap(ExceptionWrapper.java:26)\n\tat com.codeborne.selenide.impl.SelenideElementProxy.dispatchAndRetry(SelenideElementProxy.java:154)\n\tat com.codeborne.selenide.impl.SelenideElementProxy.invoke(SelenideElementProxy.java:84)\n\tat com.sun.proxy.$Proxy26.click(Unknown Source)\n\tat junit.TestBankRF.career(TestBankRF.java:54)\n\tat java.base/jdk.internal.reflect.NativeMethodAccessorImpl.invoke0(Native Method)\n\tat java.base/jdk.internal.reflect.NativeMethodAccessorImpl.invoke(NativeMethodAccessorImpl.java:62)\n\tat java.base/jdk.internal.reflect.DelegatingMethodAccessorImpl.invoke(DelegatingMethodAccessorImpl.java:43)\n\tat java.base/java.lang.reflect.Method.invoke(Method.java:566)\n\tat org.junit.platform.commons.util.ReflectionUtils.invokeMethod(ReflectionUtils.java:727)\n\tat org.junit.jupiter.engine.execution.MethodInvocation.proceed(MethodInvocation.java:60)\n\tat org.junit.jupiter.engine.execution.InvocationInterceptorChain$ValidatingInvocation.proceed(InvocationInterceptorChain.java:131)\n\tat org.junit.jupiter.api.extension.InvocationInterceptor.interceptTestMethod(InvocationInterceptor.java:118)\n\tat org.junit.jupiter.engine.execution.InterceptingExecutableInvoker$ReflectiveInterceptorCall.lambda$ofVoidMethod$0(InterceptingExecutableInvoker.java:103)\n\tat org.junit.jupiter.engine.execution.InterceptingExecutableInvoker.lambda$invoke$0(InterceptingExecutableInvoker.java:93)\n\tat org.junit.jupiter.engine.execution.InvocationInterceptorChain$InterceptedInvocation.proceed(InvocationInterceptorChain.java:106)\n\tat org.junit.jupiter.engine.extension.TimeoutExtension.intercept(TimeoutExtension.java:156)\n\tat org.junit.jupiter.engine.extension.TimeoutExtension.interceptTestableMethod(TimeoutExtension.java:147)\n\tat org.junit.jupiter.engine.extension.TimeoutExtension.interceptTestMethod(TimeoutExtension.java:86)\n\tat org.junit.jupiter.engine.execution.InterceptingExecutableInvoker$ReflectiveInterceptorCall.lambda$ofVoidMethod$0(InterceptingExecutableInvoker.java:103)\n\tat org.junit.jupiter.engine.execution.InterceptingExecutableInvoker.lambda$invoke$0(InterceptingExecutableInvoker.java:93)\n\tat org.junit.jupiter.engine.execution.InvocationInterceptorChain$InterceptedInvocation.proceed(InvocationInterceptorChain.java:106)\n\tat org.junit.jupiter.engine.execution.InvocationInterceptorChain.proceed(InvocationInterceptorChain.java:64)\n\tat org.junit.jupiter.engine.execution.InvocationInterceptorChain.chainAndInvoke(InvocationInterceptorChain.java:45)\n\tat org.junit.jupiter.engine.execution.InvocationInterceptorChain.invoke(InvocationInterceptorChain.java:37)\n\tat org.junit.jupiter.engine.execution.InterceptingExecutableInvoker.invoke(InterceptingExecutableInvoker.java:92)\n\tat org.junit.jupiter.engine.execution.InterceptingExecutableInvoker.invoke(InterceptingExecutableInvoker.java:86)\n\tat org.junit.jupiter.engine.descriptor.TestMethodTestDescriptor.lambda$invokeTestMethod$7(TestMethodTestDescriptor.java:217)\n\tat org.junit.platform.engine.support.hierarchical.ThrowableCollector.execute(ThrowableCollector.java:73)\n\tat org.junit.jupiter.engine.descriptor.TestMethodTestDescriptor.invokeTestMethod(TestMethodTestDescriptor.java:213)\n\tat org.junit.jupiter.engine.descriptor.TestMethodTestDescriptor.execute(TestMethodTestDescriptor.java:138)\n\tat org.junit.jupiter.engine.descriptor.TestMethodTestDescriptor.execute(TestMethodTestDescriptor.java:68)\n\tat org.junit.platform.engine.support.hierarchical.NodeTestTask.lambda$executeRecursively$6(NodeTestTask.java:151)\n\tat org.junit.platform.engine.support.hierarchical.ThrowableCollector.execute(ThrowableCollector.java:73)\n\tat org.junit.platform.engine.support.hierarchical.NodeTestTask.lambda$executeRecursively$8(NodeTestTask.java:141)\n\tat org.junit.platform.engine.support.hierarchical.Node.around(Node.java:137)\n\tat org.junit.platform.engine.support.hierarchical.NodeTestTask.lambda$executeRecursively$9(NodeTestTask.java:139)\n\tat org.junit.platform.engine.support.hierarchical.ThrowableCollector.execute(ThrowableCollector.java:73)\n\tat org.junit.platform.engine.support.hierarchical.NodeTestTask.executeRecursively(NodeTestTask.java:138)\n\tat org.junit.platform.engine.support.hierarchical.NodeTestTask.execute(NodeTestTask.java:95)\n\tat java.base/java.util.ArrayList.forEach(ArrayList.java:1541)\n\tat org.junit.platform.engine.support.hierarchical.SameThreadHierarchicalTestExecutorService.invokeAll(SameThreadHierarchicalTestExecutorService.java:41)\n\tat org.junit.platform.engine.support.hierarchical.NodeTestTask.lambda$executeRecursively$6(NodeTestTask.java:155)\n\tat org.junit.platform.engine.support.hierarchical.ThrowableCollector.execute(ThrowableCollector.java:73)\n\tat org.junit.platform.engine.support.hierarchical.NodeTestTask.lambda$executeRecursively$8(NodeTestTask.java:141)\n\tat org.junit.platform.engine.support.hierarchical.Node.around(Node.java:137)\n\tat org.junit.platform.engine.support.hierarchical.NodeTestTask.lambda$executeRecursively$9(NodeTestTask.java:139)\n\tat org.junit.platform.engine.support.hierarchical.ThrowableCollector.execute(ThrowableCollector.java:73)\n\tat org.junit.platform.engine.support.hierarchical.NodeTestTask.executeRecursively(NodeTestTask.java:138)\n\tat org.junit.platform.engine.support.hierarchical.NodeTestTask.execute(NodeTestTask.java:95)\n\tat java.base/java.util.ArrayList.forEach(ArrayList.java:1541)\n\tat org.junit.platform.engine.support.hierarchical.SameThreadHierarchicalTestExecutorService.invokeAll(SameThreadHierarchicalTestExecutorService.java:41)\n\tat org.junit.platform.engine.support.hierarchical.NodeTestTask.lambda$executeRecursively$6(NodeTestTask.java:155)\n\tat org.junit.platform.engine.support.hierarchical.ThrowableCollector.execute(ThrowableCollector.java:73)\n\tat org.junit.platform.engine.support.hierarchical.NodeTestTask.lambda$executeRecursively$8(NodeTestTask.java:141)\n\tat org.junit.platform.engine.support.hierarchical.Node.around(Node.java:137)\n\tat org.junit.platform.engine.support.hierarchical.NodeTestTask.lambda$executeRecursively$9(NodeTestTask.java:139)\n\tat org.junit.platform.engine.support.hierarchical.ThrowableCollector.execute(ThrowableCollector.java:73)\n\tat org.junit.platform.engine.support.hierarchical.NodeTestTask.executeRecursively(NodeTestTask.java:138)\n\tat org.junit.platform.engine.support.hierarchical.NodeTestTask.execute(NodeTestTask.java:95)\n\tat org.junit.platform.engine.support.hierarchical.SameThreadHierarchicalTestExecutorService.submit(SameThreadHierarchicalTestExecutorService.java:35)\n\tat org.junit.platform.engine.support.hierarchical.HierarchicalTestExecutor.execute(HierarchicalTestExecutor.java:57)\n\tat org.junit.platform.engine.support.hierarchical.HierarchicalTestEngine.execute(HierarchicalTestEngine.java:54)\n\tat org.junit.platform.launcher.core.EngineExecutionOrchestrator.execute(EngineExecutionOrchestrator.java:147)\n\tat org.junit.platform.launcher.core.EngineExecutionOrchestrator.execute(EngineExecutionOrchestrator.java:127)\n\tat org.junit.platform.launcher.core.EngineExecutionOrchestrator.execute(EngineExecutionOrchestrator.java:90)\n\tat org.junit.platform.launcher.core.EngineExecutionOrchestrator.lambda$execute$0(EngineExecutionOrchestrator.java:55)\n\tat org.junit.platform.launcher.core.EngineExecutionOrchestrator.withInterceptedStreams(EngineExecutionOrchestrator.java:102)\n\tat org.junit.platform.launcher.core.EngineExecutionOrchestrator.execute(EngineExecutionOrchestrator.java:54)\n\tat org.junit.platform.launcher.core.DefaultLauncher.execute(DefaultLauncher.java:114)\n\tat org.junit.platform.launcher.core.DefaultLauncher.execute(DefaultLauncher.java:86)\n\tat org.junit.platform.launcher.core.DefaultLauncherSession$DelegatingLauncher.execute(DefaultLauncherSession.java:86)\n\tat org.gradle.api.internal.tasks.testing.junitplatform.JUnitPlatformTestClassProcessor$CollectAllTestClassesExecutor.processAllTestClasses(JUnitPlatformTestClassProcessor.java:110)\n\tat org.gradle.api.internal.tasks.testing.junitplatform.JUnitPlatformTestClassProcessor$CollectAllTestClassesExecutor.access$000(JUnitPlatformTestClassProcessor.java:90)\n\tat org.gradle.api.internal.tasks.testing.junitplatform.JUnitPlatformTestClassProcessor.stop(JUnitPlatformTestClassProcessor.java:85)\n\tat org.gradle.api.internal.tasks.testing.SuiteTestClassProcessor.stop(SuiteTestClassProcessor.java:62)\n\tat java.base/jdk.internal.reflect.NativeMethodAccessorImpl.invoke0(Native Method)\n\tat java.base/jdk.internal.reflect.NativeMethodAccessorImpl.invoke(NativeMethodAccessorImpl.java:62)\n\tat java.base/jdk.internal.reflect.DelegatingMethodAccessorImpl.invoke(DelegatingMethodAccessorImpl.java:43)\n\tat java.base/java.lang.reflect.Method.invoke(Method.java:566)\n\tat org.gradle.internal.dispatch.ReflectionDispatch.dispatch(ReflectionDispatch.java:36)\n\tat org.gradle.internal.dispatch.ReflectionDispatch.dispatch(ReflectionDispatch.java:24)\n\tat org.gradle.internal.dispatch.ContextClassLoaderDispatch.dispatch(ContextClassLoaderDispatch.java:33)\n\tat org.gradle.internal.dispatch.ProxyDispatchAdapter$DispatchingInvocationHandler.invoke(ProxyDispatchAdapter.java:94)\n\tat com.sun.proxy.$Proxy2.stop(Unknown Source)\n\tat org.gradle.api.internal.tasks.testing.worker.TestWorker$3.run(TestWorker.java:193)\n\tat org.gradle.api.internal.tasks.testing.worker.TestWorker.executeAndMaintainThreadName(TestWorker.java:129)\n\tat org.gradle.api.internal.tasks.testing.worker.TestWorker.execute(TestWorker.java:100)\n\tat org.gradle.api.internal.tasks.testing.worker.TestWorker.execute(TestWorker.java:60)\n\tat org.gradle.process.internal.worker.child.ActionExecutionWorker.execute(ActionExecutionWorker.java:56)\n\tat org.gradle.process.internal.worker.child.SystemApplicationClassLoaderWorker.call(SystemApplicationClassLoaderWorker.java:113)\n\tat org.gradle.process.internal.worker.child.SystemApplicationClassLoaderWorker.call(SystemApplicationClassLoaderWorker.java:65)\n\tat worker.org.gradle.process.internal.worker.GradleWorkerMain.run(GradleWorkerMain.java:69)\n\tat worker.org.gradle.process.internal.worker.GradleWorkerMain.main(GradleWorkerMain.java:74)\nCaused by: org.openqa.selenium.ElementClickInterceptedException: element click intercepted: Element <li class=\"select__item\" data-value=\"...\">Информационные технологии</li> is not clickable at point (1192, 930). Other element would receive the click: <div class=\"cookie-warn \" id=\"cookie-warn\" onclick=\"ym (50230510, 'reachGoal', 'sk-cookie-agree', {URL: document.location.href})\" style=\"display: flex; opacity: 1;\">...</div>\n  (Session info: chrome=122.0.6261.94)\nBuild info: version: '4.13.0', revision: 'ba948ece5b*'\nSystem info: os.name: 'Linux', os.arch: 'amd64', os.version: '6.5.0-1016-azure', java.version: '11.0.22'\nDriver info: org.openqa.selenium.remote.RemoteWebDriver\nCommand: [5d78435b4266c6f0e8287a307208e4a6, clickElement {id=f.BA1303109C1AD314892B6FF221A4B00C.d.A9B77C2EC88C39E91B5C7CD01E1DD1DD.e.314}]\nCapabilities {acceptInsecureCerts: true, browserName: chrome, browserVersion: 122.0.6261.94, chrome: {chromedriverVersion: 122.0.6261.94 (880dbf29479c..., userDataDir: /tmp/.org.chromium.Chromium...}, fedcm:accounts: true, goog:chromeOptions: {debuggerAddress: localhost:46061}, networkConnectionEnabled: false, pageLoadStrategy: normal, platformName: linux, proxy: Proxy(), se:cdp: ws://localhost:4444/devtool..., setWindowRect: true, strictFileInteractability: false, timeouts: {implicit: 0, pageLoad: 300000, script: 30000}, unhandledPromptBehavior: accept, webauthn:extension:credBlob: true, webauthn:extension:largeBlob: true, webauthn:extension:minPinLength: true, webauthn:extension:prf: true, webauthn:virtualAuthenticators: true}\nElement: [[RemoteWebDriver: chrome on linux (5d78435b4266c6f0e8287a307208e4a6)] -> css selector: .select__list li[data-value=\"Информационные технологии\"]]\nSession ID: 5d78435b4266c6f0e8287a307208e4a6\n\tat java.base/jdk.internal.reflect.NativeConstructorAccessorImpl.newInstance0(Native Method)\n\tat java.base/jdk.internal.reflect.NativeConstructorAccessorImpl.newInstance(NativeConstructorAccessorImpl.java:62)\n\tat java.base/jdk.internal.reflect.DelegatingConstructorAccessorImpl.newInstance(DelegatingConstructorAccessorImpl.java:45)\n\tat java.base/java.lang.reflect.Constructor.newInstance(Constructor.java:490)\n\tat org.openqa.selenium.remote.codec.w3c.W3CHttpResponseCodec.createException(W3CHttpResponseCodec.java:200)\n\tat org.openqa.selenium.remote.codec.w3c.W3CHttpResponseCodec.decode(W3CHttpResponseCodec.java:133)\n\tat org.openqa.selenium.remote.codec.w3c.W3CHttpResponseCodec.decode(W3CHttpResponseCodec.java:52)\n\tat org.openqa.selenium.remote.HttpCommandExecutor.execute(HttpCommandExecutor.java:191)\n\tat org.openqa.selenium.remote.RemoteWebDriver.execute(RemoteWebDriver.java:602)\n\tat org.openqa.selenium.remote.RemoteWebElement.execute(RemoteWebElement.java:224)\n\tat org.openqa.selenium.remote.RemoteWebElement.click(RemoteWebElement.java:77)\n\tat com.codeborne.selenide.commands.Click.defaultClick(Click.java:97)\n\tat com.codeborne.selenide.commands.Click.click(Click.java:54)\n\tat com.codeborne.selenide.commands.Click.execute(Click.java:31)\n\tat com.codeborne.selenide.commands.Click.execute(Click.java:21)\n\tat com.codeborne.selenide.commands.Commands.execute(Commands.java:165)\n\tat com.codeborne.selenide.impl.SelenideElementProxy.dispatchAndRetry(SelenideElementProxy.java:132)\n\t... 92 more\n","flaky":false,"newFailed":false,"newBroken":false,"newPassed":false,"retriesCount":0,"retriesStatusChange":false,"beforeStages":[{"name":"beforeAll","time":{"start":1710700119846,"stop":1710700119846,"duration":0},"status":"passed","steps":[],"attachments":[],"parameters":[],"shouldDisplayMessage":false,"stepsCount":0,"attachmentsCount":0,"hasContent":false,"attachmentStep":false}],"testStage":{"description":"","status":"failed","statusMessage":"Invalid element state [.select__list li[data-value=\"Информационные технологии\"].findBy(text \"Информационные технологии\")]: element click intercepted: Element <li class=\"select__item\" data-value=\"...\">Информационные технологии</li> is not clickable at point (1192, 930). Other element would receive the click: <div class=\"cookie-warn \" id=\"cookie-warn\" onclick=\"ym (50230510, 'reachGoal', 'sk-cookie-agree', {URL: document.location.href})\" style=\"display: flex; opacity: 1;\">...</div>\nScreenshot: file:/home/runner/work/demoqa-test-1/demoqa-test-1/build/reports/tests/1710700134003.4.png\nPage source: file:/home/runner/work/demoqa-test-1/demoqa-test-1/build/reports/tests/1710700134003.4.html\nTimeout: 4 s.\nCaused by: ElementClickInterceptedException: element click intercepted: Element <li class=\"select__item\" data-value=\"...\">Информационные технологии</li> is not clickable at point (1192, 930). Other element would receive the click: <div class=\"cookie-warn \" id=\"cookie-warn\" onclick=\"ym (50230510, 'reachGoal', 'sk-cookie-agree', {URL: document.location.href})\" style=\"display: flex; opacity: 1;\">...</div>","statusTrace":"Invalid element state [.select__list li[data-value=\"Информационные технологии\"].findBy(text \"Информационные технологии\")]: element click intercepted: Element <li class=\"select__item\" data-value=\"...\">Информационные технологии</li> is not clickable at point (1192, 930). Other element would receive the click: <div class=\"cookie-warn \" id=\"cookie-warn\" onclick=\"ym (50230510, 'reachGoal', 'sk-cookie-agree', {URL: document.location.href})\" style=\"display: flex; opacity: 1;\">...</div>\nScreenshot: file:/home/runner/work/demoqa-test-1/demoqa-test-1/build/reports/tests/1710700134003.4.png\nPage source: file:/home/runner/work/demoqa-test-1/demoqa-test-1/build/reports/tests/1710700134003.4.html\nTimeout: 4 s.\nCaused by: ElementClickInterceptedException: element click intercepted: Element <li class=\"select__item\" data-value=\"...\">Информационные технологии</li> is not clickable at point (1192, 930). Other element would receive the click: <div class=\"cookie-warn \" id=\"cookie-warn\" onclick=\"ym (50230510, 'reachGoal', 'sk-cookie-agree', {URL: document.location.href})\" style=\"display: flex; opacity: 1;\">...</div>\n\tat com.codeborne.selenide.impl.ExceptionWrapper.wrap(ExceptionWrapper.java:26)\n\tat com.codeborne.selenide.impl.SelenideElementProxy.dispatchAndRetry(SelenideElementProxy.java:154)\n\tat com.codeborne.selenide.impl.SelenideElementProxy.invoke(SelenideElementProxy.java:84)\n\tat com.sun.proxy.$Proxy26.click(Unknown Source)\n\tat junit.TestBankRF.career(TestBankRF.java:54)\n\tat java.base/jdk.internal.reflect.NativeMethodAccessorImpl.invoke0(Native Method)\n\tat java.base/jdk.internal.reflect.NativeMethodAccessorImpl.invoke(NativeMethodAccessorImpl.java:62)\n\tat java.base/jdk.internal.reflect.DelegatingMethodAccessorImpl.invoke(DelegatingMethodAccessorImpl.java:43)\n\tat java.base/java.lang.reflect.Method.invoke(Method.java:566)\n\tat org.junit.platform.commons.util.ReflectionUtils.invokeMethod(ReflectionUtils.java:727)\n\tat org.junit.jupiter.engine.execution.MethodInvocation.proceed(MethodInvocation.java:60)\n\tat org.junit.jupiter.engine.execution.InvocationInterceptorChain$ValidatingInvocation.proceed(InvocationInterceptorChain.java:131)\n\tat org.junit.jupiter.api.extension.InvocationInterceptor.interceptTestMethod(InvocationInterceptor.java:118)\n\tat org.junit.jupiter.engine.execution.InterceptingExecutableInvoker$ReflectiveInterceptorCall.lambda$ofVoidMethod$0(InterceptingExecutableInvoker.java:103)\n\tat org.junit.jupiter.engine.execution.InterceptingExecutableInvoker.lambda$invoke$0(InterceptingExecutableInvoker.java:93)\n\tat org.junit.jupiter.engine.execution.InvocationInterceptorChain$InterceptedInvocation.proceed(InvocationInterceptorChain.java:106)\n\tat org.junit.jupiter.engine.extension.TimeoutExtension.intercept(TimeoutExtension.java:156)\n\tat org.junit.jupiter.engine.extension.TimeoutExtension.interceptTestableMethod(TimeoutExtension.java:147)\n\tat org.junit.jupiter.engine.extension.TimeoutExtension.interceptTestMethod(TimeoutExtension.java:86)\n\tat org.junit.jupiter.engine.execution.InterceptingExecutableInvoker$ReflectiveInterceptorCall.lambda$ofVoidMethod$0(InterceptingExecutableInvoker.java:103)\n\tat org.junit.jupiter.engine.execution.InterceptingExecutableInvoker.lambda$invoke$0(InterceptingExecutableInvoker.java:93)\n\tat org.junit.jupiter.engine.execution.InvocationInterceptorChain$InterceptedInvocation.proceed(InvocationInterceptorChain.java:106)\n\tat org.junit.jupiter.engine.execution.InvocationInterceptorChain.proceed(InvocationInterceptorChain.java:64)\n\tat org.junit.jupiter.engine.execution.InvocationInterceptorChain.chainAndInvoke(InvocationInterceptorChain.java:45)\n\tat org.junit.jupiter.engine.execution.InvocationInterceptorChain.invoke(InvocationInterceptorChain.java:37)\n\tat org.junit.jupiter.engine.execution.InterceptingExecutableInvoker.invoke(InterceptingExecutableInvoker.java:92)\n\tat org.junit.jupiter.engine.execution.InterceptingExecutableInvoker.invoke(InterceptingExecutableInvoker.java:86)\n\tat org.junit.jupiter.engine.descriptor.TestMethodTestDescriptor.lambda$invokeTestMethod$7(TestMethodTestDescriptor.java:217)\n\tat org.junit.platform.engine.support.hierarchical.ThrowableCollector.execute(ThrowableCollector.java:73)\n\tat org.junit.jupiter.engine.descriptor.TestMethodTestDescriptor.invokeTestMethod(TestMethodTestDescriptor.java:213)\n\tat org.junit.jupiter.engine.descriptor.TestMethodTestDescriptor.execute(TestMethodTestDescriptor.java:138)\n\tat org.junit.jupiter.engine.descriptor.TestMethodTestDescriptor.execute(TestMethodTestDescriptor.java:68)\n\tat org.junit.platform.engine.support.hierarchical.NodeTestTask.lambda$executeRecursively$6(NodeTestTask.java:151)\n\tat org.junit.platform.engine.support.hierarchical.ThrowableCollector.execute(ThrowableCollector.java:73)\n\tat org.junit.platform.engine.support.hierarchical.NodeTestTask.lambda$executeRecursively$8(NodeTestTask.java:141)\n\tat org.junit.platform.engine.support.hierarchical.Node.around(Node.java:137)\n\tat org.junit.platform.engine.support.hierarchical.NodeTestTask.lambda$executeRecursively$9(NodeTestTask.java:139)\n\tat org.junit.platform.engine.support.hierarchical.ThrowableCollector.execute(ThrowableCollector.java:73)\n\tat org.junit.platform.engine.support.hierarchical.NodeTestTask.executeRecursively(NodeTestTask.java:138)\n\tat org.junit.platform.engine.support.hierarchical.NodeTestTask.execute(NodeTestTask.java:95)\n\tat java.base/java.util.ArrayList.forEach(ArrayList.java:1541)\n\tat org.junit.platform.engine.support.hierarchical.SameThreadHierarchicalTestExecutorService.invokeAll(SameThreadHierarchicalTestExecutorService.java:41)\n\tat org.junit.platform.engine.support.hierarchical.NodeTestTask.lambda$executeRecursively$6(NodeTestTask.java:155)\n\tat org.junit.platform.engine.support.hierarchical.ThrowableCollector.execute(ThrowableCollector.java:73)\n\tat org.junit.platform.engine.support.hierarchical.NodeTestTask.lambda$executeRecursively$8(NodeTestTask.java:141)\n\tat org.junit.platform.engine.support.hierarchical.Node.around(Node.java:137)\n\tat org.junit.platform.engine.support.hierarchical.NodeTestTask.lambda$executeRecursively$9(NodeTestTask.java:139)\n\tat org.junit.platform.engine.support.hierarchical.ThrowableCollector.execute(ThrowableCollector.java:73)\n\tat org.junit.platform.engine.support.hierarchical.NodeTestTask.executeRecursively(NodeTestTask.java:138)\n\tat org.junit.platform.engine.support.hierarchical.NodeTestTask.execute(NodeTestTask.java:95)\n\tat java.base/java.util.ArrayList.forEach(ArrayList.java:1541)\n\tat org.junit.platform.engine.support.hierarchical.SameThreadHierarchicalTestExecutorService.invokeAll(SameThreadHierarchicalTestExecutorService.java:41)\n\tat org.junit.platform.engine.support.hierarchical.NodeTestTask.lambda$executeRecursively$6(NodeTestTask.java:155)\n\tat org.junit.platform.engine.support.hierarchical.ThrowableCollector.execute(ThrowableCollector.java:73)\n\tat org.junit.platform.engine.support.hierarchical.NodeTestTask.lambda$executeRecursively$8(NodeTestTask.java:141)\n\tat org.junit.platform.engine.support.hierarchical.Node.around(Node.java:137)\n\tat org.junit.platform.engine.support.hierarchical.NodeTestTask.lambda$executeRecursively$9(NodeTestTask.java:139)\n\tat org.junit.platform.engine.support.hierarchical.ThrowableCollector.execute(ThrowableCollector.java:73)\n\tat org.junit.platform.engine.support.hierarchical.NodeTestTask.executeRecursively(NodeTestTask.java:138)\n\tat org.junit.platform.engine.support.hierarchical.NodeTestTask.execute(NodeTestTask.java:95)\n\tat org.junit.platform.engine.support.hierarchical.SameThreadHierarchicalTestExecutorService.submit(SameThreadHierarchicalTestExecutorService.java:35)\n\tat org.junit.platform.engine.support.hierarchical.HierarchicalTestExecutor.execute(HierarchicalTestExecutor.java:57)\n\tat org.junit.platform.engine.support.hierarchical.HierarchicalTestEngine.execute(HierarchicalTestEngine.java:54)\n\tat org.junit.platform.launcher.core.EngineExecutionOrchestrator.execute(EngineExecutionOrchestrator.java:147)\n\tat org.junit.platform.launcher.core.EngineExecutionOrchestrator.execute(EngineExecutionOrchestrator.java:127)\n\tat org.junit.platform.launcher.core.EngineExecutionOrchestrator.execute(EngineExecutionOrchestrator.java:90)\n\tat org.junit.platform.launcher.core.EngineExecutionOrchestrator.lambda$execute$0(EngineExecutionOrchestrator.java:55)\n\tat org.junit.platform.launcher.core.EngineExecutionOrchestrator.withInterceptedStreams(EngineExecutionOrchestrator.java:102)\n\tat org.junit.platform.launcher.core.EngineExecutionOrchestrator.execute(EngineExecutionOrchestrator.java:54)\n\tat org.junit.platform.launcher.core.DefaultLauncher.execute(DefaultLauncher.java:114)\n\tat org.junit.platform.launcher.core.DefaultLauncher.execute(DefaultLauncher.java:86)\n\tat org.junit.platform.launcher.core.DefaultLauncherSession$DelegatingLauncher.execute(DefaultLauncherSession.java:86)\n\tat org.gradle.api.internal.tasks.testing.junitplatform.JUnitPlatformTestClassProcessor$CollectAllTestClassesExecutor.processAllTestClasses(JUnitPlatformTestClassProcessor.java:110)\n\tat org.gradle.api.internal.tasks.testing.junitplatform.JUnitPlatformTestClassProcessor$CollectAllTestClassesExecutor.access$000(JUnitPlatformTestClassProcessor.java:90)\n\tat org.gradle.api.internal.tasks.testing.junitplatform.JUnitPlatformTestClassProcessor.stop(JUnitPlatformTestClassProcessor.java:85)\n\tat org.gradle.api.internal.tasks.testing.SuiteTestClassProcessor.stop(SuiteTestClassProcessor.java:62)\n\tat java.base/jdk.internal.reflect.NativeMethodAccessorImpl.invoke0(Native Method)\n\tat java.base/jdk.internal.reflect.NativeMethodAccessorImpl.invoke(NativeMethodAccessorImpl.java:62)\n\tat java.base/jdk.internal.reflect.DelegatingMethodAccessorImpl.invoke(DelegatingMethodAccessorImpl.java:43)\n\tat java.base/java.lang.reflect.Method.invoke(Method.java:566)\n\tat org.gradle.internal.dispatch.ReflectionDispatch.dispatch(ReflectionDispatch.java:36)\n\tat org.gradle.internal.dispatch.ReflectionDispatch.dispatch(ReflectionDispatch.java:24)\n\tat org.gradle.internal.dispatch.ContextClassLoaderDispatch.dispatch(ContextClassLoaderDispatch.java:33)\n\tat org.gradle.internal.dispatch.ProxyDispatchAdapter$DispatchingInvocationHandler.invoke(ProxyDispatchAdapter.java:94)\n\tat com.sun.proxy.$Proxy2.stop(Unknown Source)\n\tat org.gradle.api.internal.tasks.testing.worker.TestWorker$3.run(TestWorker.java:193)\n\tat org.gradle.api.internal.tasks.testing.worker.TestWorker.executeAndMaintainThreadName(TestWorker.java:129)\n\tat org.gradle.api.internal.tasks.testing.worker.TestWorker.execute(TestWorker.java:100)\n\tat org.gradle.api.internal.tasks.testing.worker.TestWorker.execute(TestWorker.java:60)\n\tat org.gradle.process.internal.worker.child.ActionExecutionWorker.execute(ActionExecutionWorker.java:56)\n\tat org.gradle.process.internal.worker.child.SystemApplicationClassLoaderWorker.call(SystemApplicationClassLoaderWorker.java:113)\n\tat org.gradle.process.internal.worker.child.SystemApplicationClassLoaderWorker.call(SystemApplicationClassLoaderWorker.java:65)\n\tat worker.org.gradle.process.internal.worker.GradleWorkerMain.run(GradleWorkerMain.java:69)\n\tat worker.org.gradle.process.internal.worker.GradleWorkerMain.main(GradleWorkerMain.java:74)\nCaused by: org.openqa.selenium.ElementClickInterceptedException: element click intercepted: Element <li class=\"select__item\" data-value=\"...\">Информационные технологии</li> is not clickable at point (1192, 930). Other element would receive the click: <div class=\"cookie-warn \" id=\"cookie-warn\" onclick=\"ym (50230510, 'reachGoal', 'sk-cookie-agree', {URL: document.location.href})\" style=\"display: flex; opacity: 1;\">...</div>\n  (Session info: chrome=122.0.6261.94)\nBuild info: version: '4.13.0', revision: 'ba948ece5b*'\nSystem info: os.name: 'Linux', os.arch: 'amd64', os.version: '6.5.0-1016-azure', java.version: '11.0.22'\nDriver info: org.openqa.selenium.remote.RemoteWebDriver\nCommand: [5d78435b4266c6f0e8287a307208e4a6, clickElement {id=f.BA1303109C1AD314892B6FF221A4B00C.d.A9B77C2EC88C39E91B5C7CD01E1DD1DD.e.314}]\nCapabilities {acceptInsecureCerts: true, browserName: chrome, browserVersion: 122.0.6261.94, chrome: {chromedriverVersion: 122.0.6261.94 (880dbf29479c..., userDataDir: /tmp/.org.chromium.Chromium...}, fedcm:accounts: true, goog:chromeOptions: {debuggerAddress: localhost:46061}, networkConnectionEnabled: false, pageLoadStrategy: normal, platformName: linux, proxy: Proxy(), se:cdp: ws://localhost:4444/devtool..., setWindowRect: true, strictFileInteractability: false, timeouts: {implicit: 0, pageLoad: 300000, script: 30000}, unhandledPromptBehavior: accept, webauthn:extension:credBlob: true, webauthn:extension:largeBlob: true, webauthn:extension:minPinLength: true, webauthn:extension:prf: true, webauthn:virtualAuthenticators: true}\nElement: [[RemoteWebDriver: chrome on linux (5d78435b4266c6f0e8287a307208e4a6)] -> css selector: .select__list li[data-value=\"Информационные технологии\"]]\nSession ID: 5d78435b4266c6f0e8287a307208e4a6\n\tat java.base/jdk.internal.reflect.NativeConstructorAccessorImpl.newInstance0(Native Method)\n\tat java.base/jdk.internal.reflect.NativeConstructorAccessorImpl.newInstance(NativeConstructorAccessorImpl.java:62)\n\tat java.base/jdk.internal.reflect.DelegatingConstructorAccessorImpl.newInstance(DelegatingConstructorAccessorImpl.java:45)\n\tat java.base/java.lang.reflect.Constructor.newInstance(Constructor.java:490)\n\tat org.openqa.selenium.remote.codec.w3c.W3CHttpResponseCodec.createException(W3CHttpResponseCodec.java:200)\n\tat org.openqa.selenium.remote.codec.w3c.W3CHttpResponseCodec.decode(W3CHttpResponseCodec.java:133)\n\tat org.openqa.selenium.remote.codec.w3c.W3CHttpResponseCodec.decode(W3CHttpResponseCodec.java:52)\n\tat org.openqa.selenium.remote.HttpCommandExecutor.execute(HttpCommandExecutor.java:191)\n\tat org.openqa.selenium.remote.RemoteWebDriver.execute(RemoteWebDriver.java:602)\n\tat org.openqa.selenium.remote.RemoteWebElement.execute(RemoteWebElement.java:224)\n\tat org.openqa.selenium.remote.RemoteWebElement.click(RemoteWebElement.java:77)\n\tat com.codeborne.selenide.commands.Click.defaultClick(Click.java:97)\n\tat com.codeborne.selenide.commands.Click.click(Click.java:54)\n\tat com.codeborne.selenide.commands.Click.execute(Click.java:31)\n\tat com.codeborne.selenide.commands.Click.execute(Click.java:21)\n\tat com.codeborne.selenide.commands.Commands.execute(Commands.java:165)\n\tat com.codeborne.selenide.impl.SelenideElementProxy.dispatchAndRetry(SelenideElementProxy.java:132)\n\t... 92 more\n","steps":[{"name":"$(\"open\") https://domrfbank.ru/","time":{"start":1710700119848,"stop":1710700124040,"duration":4192},"status":"passed","steps":[],"attachments":[],"parameters":[],"shouldDisplayMessage":false,"stepsCount":0,"attachmentsCount":0,"hasContent":false,"attachmentStep":false},{"name":"$(\"ul.header__contacts li[0]\") click()","time":{"start":1710700124040,"stop":1710700125354,"duration":1314},"status":"passed","steps":[],"attachments":[],"parameters":[],"shouldDisplayMessage":false,"stepsCount":0,"attachmentsCount":0,"hasContent":false,"attachmentStep":false},{"name":"$(\".about__info-content\") should have(text \"Информация о банке\")","time":{"start":1710700125355,"stop":1710700125391,"duration":36},"status":"passed","steps":[],"attachments":[],"parameters":[],"shouldDisplayMessage":false,"stepsCount":0,"attachmentsCount":0,"hasContent":false,"attachmentStep":false},{"name":"$(\".helpful__content\") should have(text \"Карьера\")","time":{"start":1710700125392,"stop":1710700125418,"duration":26},"status":"passed","steps":[],"attachments":[],"parameters":[],"shouldDisplayMessage":false,"stepsCount":0,"attachmentsCount":0,"hasContent":false,"attachmentStep":false},{"name":"$(\".helpful__content\") scroll into view(true)","time":{"start":1710700125419,"stop":1710700125434,"duration":15},"status":"passed","steps":[],"attachments":[],"parameters":[],"shouldDisplayMessage":false,"stepsCount":0,"attachmentsCount":0,"hasContent":false,"attachmentStep":false},{"name":"$(\".helpful__content\") should be(visible)","time":{"start":1710700125434,"stop":1710700125459,"duration":25},"status":"passed","steps":[],"attachments":[],"parameters":[],"shouldDisplayMessage":false,"stepsCount":0,"attachmentsCount":0,"hasContent":false,"attachmentStep":false},{"name":"$(\"[href=\"https://дом.рф/career/vacancies/?city=all&company=%D0%94%D0%9E%D0%9C.%D0%A0%D0%A4&department=all&query=&utm_source=domrfbank.ru&utm_medium=referral&utm_campaign=ref_606_dom.rf_rf_page.link&utm_content=domrfbank.ru/about/\"]\") click()","time":{"start":1710700125459,"stop":1710700125551,"duration":92},"status":"passed","steps":[],"attachments":[],"parameters":[],"shouldDisplayMessage":false,"stepsCount":0,"attachmentsCount":0,"hasContent":false,"attachmentStep":false},{"name":"$(\"window(index: 1)\") switch to()","time":{"start":1710700125558,"stop":1710700125570,"duration":12},"status":"passed","steps":[],"attachments":[],"parameters":[],"shouldDisplayMessage":false,"stepsCount":0,"attachmentsCount":0,"hasContent":false,"attachmentStep":false},{"name":"$(\"input[name=\"form[LAST_NAME]\"]\") set value(Кожарин)","time":{"start":1710700125570,"stop":1710700126644,"duration":1074},"status":"passed","steps":[],"attachments":[],"parameters":[],"shouldDisplayMessage":false,"stepsCount":0,"attachmentsCount":0,"hasContent":false,"attachmentStep":false},{"name":"$(\"input[name=\"form[FIRST_NAME]\"]\") set value(Алексей)","time":{"start":1710700126644,"stop":1710700126766,"duration":122},"status":"passed","steps":[],"attachments":[],"parameters":[],"shouldDisplayMessage":false,"stepsCount":0,"attachmentsCount":0,"hasContent":false,"attachmentStep":false},{"name":"$(\".dp__input_wrap\") click()","time":{"start":1710700126766,"stop":1710700126855,"duration":89},"status":"passed","steps":[],"attachments":[],"parameters":[],"shouldDisplayMessage":false,"stepsCount":0,"attachmentsCount":0,"hasContent":false,"attachmentStep":false},{"name":"$(\"div.dp__month_year_row div[3]\") click()","time":{"start":1710700126856,"stop":1710700126930,"duration":74},"status":"passed","steps":[],"attachments":[],"parameters":[],"shouldDisplayMessage":false,"stepsCount":0,"attachmentsCount":0,"hasContent":false,"attachmentStep":false},{"name":"$(\"div.dp__overlay div.dp__overlay_cell[42]\") should have(text \"1992\")","time":{"start":1710700126930,"stop":1710700127230,"duration":300},"status":"passed","steps":[],"attachments":[],"parameters":[],"shouldDisplayMessage":false,"stepsCount":0,"attachmentsCount":0,"hasContent":false,"attachmentStep":false},{"name":"$(\"div.dp__overlay div.dp__overlay_cell[42]\") click()","time":{"start":1710700127230,"stop":1710700127301,"duration":71},"status":"passed","steps":[],"attachments":[],"parameters":[],"shouldDisplayMessage":false,"stepsCount":0,"attachmentsCount":0,"hasContent":false,"attachmentStep":false},{"name":"$(\"div.dp__month_year_row div[2]\") click()","time":{"start":1710700127301,"stop":1710700127450,"duration":149},"status":"passed","steps":[],"attachments":[],"parameters":[],"shouldDisplayMessage":false,"stepsCount":0,"attachmentsCount":0,"hasContent":false,"attachmentStep":false},{"name":"$(\"div.dp__overlay_container div.dp__overlay_cell[5]\") should have(text \"июль\")","time":{"start":1710700127450,"stop":1710700127723,"duration":273},"status":"passed","steps":[],"attachments":[],"parameters":[],"shouldDisplayMessage":false,"stepsCount":0,"attachmentsCount":0,"hasContent":false,"attachmentStep":false},{"name":"$(\"div.dp__overlay_container div.dp__overlay_cell[5]\") click()","time":{"start":1710700127723,"stop":1710700128033,"duration":310},"status":"passed","steps":[],"attachments":[],"parameters":[],"shouldDisplayMessage":false,"stepsCount":0,"attachmentsCount":0,"hasContent":false,"attachmentStep":false},{"name":"$(\"div.dp__calendar div.dp__cell_inner[7]\") should have(text \"6\")","time":{"start":1710700128033,"stop":1710700128061,"duration":28},"status":"passed","steps":[],"attachments":[],"parameters":[],"shouldDisplayMessage":false,"stepsCount":0,"attachmentsCount":0,"hasContent":false,"attachmentStep":false},{"name":"$(\"div.dp__calendar div.dp__cell_inner[7]\") click()","time":{"start":1710700128061,"stop":1710700128183,"duration":122},"status":"passed","steps":[],"attachments":[],"parameters":[],"shouldDisplayMessage":false,"stepsCount":0,"attachmentsCount":0,"hasContent":false,"attachmentStep":false},{"name":"$(\".js--dp-apply\") click()","time":{"start":1710700128183,"stop":1710700128251,"duration":68},"status":"passed","steps":[],"attachments":[],"parameters":[],"shouldDisplayMessage":false,"stepsCount":0,"attachmentsCount":0,"hasContent":false,"attachmentStep":false},{"name":"$(\"[name=\"form[CITY]\"]\") click()","time":{"start":1710700128252,"stop":1710700128359,"duration":107},"status":"passed","steps":[],"attachments":[],"parameters":[],"shouldDisplayMessage":false,"stepsCount":0,"attachmentsCount":0,"hasContent":false,"attachmentStep":false},{"name":"$(\".select__list li[data-value=\"Челябинск\"].findBy(text \"Челябинск\")\") should be(visible)","time":{"start":1710700128360,"stop":1710700128404,"duration":44},"status":"passed","steps":[],"attachments":[],"parameters":[],"shouldDisplayMessage":false,"stepsCount":0,"attachmentsCount":0,"hasContent":false,"attachmentStep":false},{"name":"$(\".select__list li[data-value=\"Челябинск\"].findBy(text \"Челябинск\")\") click()","time":{"start":1710700128404,"stop":1710700128480,"duration":76},"status":"passed","steps":[],"attachments":[],"parameters":[],"shouldDisplayMessage":false,"stepsCount":0,"attachmentsCount":0,"hasContent":false,"attachmentStep":false},{"name":"$(\"input[name=\"form[EMAIL]\"]\") set value(Lekseu2007@yandex.ru)","time":{"start":1710700128480,"stop":1710700128611,"duration":131},"status":"passed","steps":[],"attachments":[],"parameters":[],"shouldDisplayMessage":false,"stepsCount":0,"attachmentsCount":0,"hasContent":false,"attachmentStep":false},{"name":"$(\"[name=\"form[PHONE]\"]\") click()","time":{"start":1710700128611,"stop":1710700128683,"duration":72},"status":"passed","steps":[],"attachments":[],"parameters":[],"shouldDisplayMessage":false,"stepsCount":0,"attachmentsCount":0,"hasContent":false,"attachmentStep":false},{"name":"$(\"input.input__field[name=\"form[PHONE]\"]\") set value(9080551234)","time":{"start":1710700128683,"stop":1710700128800,"duration":117},"status":"passed","steps":[],"attachments":[],"parameters":[],"shouldDisplayMessage":false,"stepsCount":0,"attachmentsCount":0,"hasContent":false,"attachmentStep":false},{"name":"$(\"[name=\"form[PROFF_INT]\"]\") click()","time":{"start":1710700128800,"stop":1710700128872,"duration":72},"status":"passed","steps":[],"attachments":[],"parameters":[],"shouldDisplayMessage":false,"stepsCount":0,"attachmentsCount":0,"hasContent":false,"attachmentStep":false},{"name":"$(\".select__list li[data-value=\"Информационные технологии\"].findBy(text \"Информационные технологии\")\") should be(visible)","time":{"start":1710700128872,"stop":1710700128934,"duration":62},"status":"passed","steps":[],"attachments":[],"parameters":[],"shouldDisplayMessage":false,"stepsCount":0,"attachmentsCount":0,"hasContent":false,"attachmentStep":false},{"name":"$(\".select__list li[data-value=\"Информационные технологии\"].findBy(text \"Информационные технологии\")\") click()","time":{"start":1710700128934,"stop":1710700134330,"duration":5396},"status":"failed","statusMessage":"Invalid element state [.select__list li[data-value=\"Информационные технологии\"].findBy(text \"Информационные технологии\")]: element click intercepted: Element <li class=\"select__item\" data-value=\"...\">Информационные технологии</li> is not clickable at point (1192, 930). Other element would receive the click: <div class=\"cookie-warn \" id=\"cookie-warn\" onclick=\"ym (50230510, 'reachGoal', 'sk-cookie-agree', {URL: document.location.href})\" style=\"display: flex; opacity: 1;\">...</div>\nScreenshot: file:/home/runner/work/demoqa-test-1/demoqa-test-1/build/reports/tests/1710700134003.4.png\nPage source: file:/home/runner/work/demoqa-test-1/demoqa-test-1/build/reports/tests/1710700134003.4.html\nTimeout: 4 s.\nCaused by: ElementClickInterceptedException: element click intercepted: Element <li class=\"select__item\" data-value=\"...\">Информационные технологии</li> is not clickable at point (1192, 930). Other element would receive the click: <div class=\"cookie-warn \" id=\"cookie-warn\" onclick=\"ym (50230510, 'reachGoal', 'sk-cookie-agree', {URL: document.location.href})\" style=\"display: flex; opacity: 1;\">...</div>","statusTrace":"Invalid element state [.select__list li[data-value=\"Информационные технологии\"].findBy(text \"Информационные технологии\")]: element click intercepted: Element <li class=\"select__item\" data-value=\"...\">Информационные технологии</li> is not clickable at point (1192, 930). Other element would receive the click: <div class=\"cookie-warn \" id=\"cookie-warn\" onclick=\"ym (50230510, 'reachGoal', 'sk-cookie-agree', {URL: document.location.href})\" style=\"display: flex; opacity: 1;\">...</div>\nScreenshot: file:/home/runner/work/demoqa-test-1/demoqa-test-1/build/reports/tests/1710700134003.4.png\nPage source: file:/home/runner/work/demoqa-test-1/demoqa-test-1/build/reports/tests/1710700134003.4.html\nTimeout: 4 s.\nCaused by: ElementClickInterceptedException: element click intercepted: Element <li class=\"select__item\" data-value=\"...\">Информационные технологии</li> is not clickable at point (1192, 930). Other element would receive the click: <div class=\"cookie-warn \" id=\"cookie-warn\" onclick=\"ym (50230510, 'reachGoal', 'sk-cookie-agree', {URL: document.location.href})\" style=\"display: flex; opacity: 1;\">...</div>\n\tat com.codeborne.selenide.impl.ExceptionWrapper.wrap(ExceptionWrapper.java:26)\n\tat com.codeborne.selenide.impl.SelenideElementProxy.dispatchAndRetry(SelenideElementProxy.java:154)\n\tat com.codeborne.selenide.impl.SelenideElementProxy.invoke(SelenideElementProxy.java:84)\n\tat com.sun.proxy.$Proxy26.click(Unknown Source)\n\tat junit.TestBankRF.career(TestBankRF.java:54)\n\tat java.base/jdk.internal.reflect.NativeMethodAccessorImpl.invoke0(Native Method)\n\tat java.base/jdk.internal.reflect.NativeMethodAccessorImpl.invoke(NativeMethodAccessorImpl.java:62)\n\tat java.base/jdk.internal.reflect.DelegatingMethodAccessorImpl.invoke(DelegatingMethodAccessorImpl.java:43)\n\tat java.base/java.lang.reflect.Method.invoke(Method.java:566)\n\tat org.junit.platform.commons.util.ReflectionUtils.invokeMethod(ReflectionUtils.java:727)\n\tat org.junit.jupiter.engine.execution.MethodInvocation.proceed(MethodInvocation.java:60)\n\tat org.junit.jupiter.engine.execution.InvocationInterceptorChain$ValidatingInvocation.proceed(InvocationInterceptorChain.java:131)\n\tat org.junit.jupiter.api.extension.InvocationInterceptor.interceptTestMethod(InvocationInterceptor.java:118)\n\tat org.junit.jupiter.engine.execution.InterceptingExecutableInvoker$ReflectiveInterceptorCall.lambda$ofVoidMethod$0(InterceptingExecutableInvoker.java:103)\n\tat org.junit.jupiter.engine.execution.InterceptingExecutableInvoker.lambda$invoke$0(InterceptingExecutableInvoker.java:93)\n\tat org.junit.jupiter.engine.execution.InvocationInterceptorChain$InterceptedInvocation.proceed(InvocationInterceptorChain.java:106)\n\tat org.junit.jupiter.engine.extension.TimeoutExtension.intercept(TimeoutExtension.java:156)\n\tat org.junit.jupiter.engine.extension.TimeoutExtension.interceptTestableMethod(TimeoutExtension.java:147)\n\tat org.junit.jupiter.engine.extension.TimeoutExtension.interceptTestMethod(TimeoutExtension.java:86)\n\tat org.junit.jupiter.engine.execution.InterceptingExecutableInvoker$ReflectiveInterceptorCall.lambda$ofVoidMethod$0(InterceptingExecutableInvoker.java:103)\n\tat org.junit.jupiter.engine.execution.InterceptingExecutableInvoker.lambda$invoke$0(InterceptingExecutableInvoker.java:93)\n\tat org.junit.jupiter.engine.execution.InvocationInterceptorChain$InterceptedInvocation.proceed(InvocationInterceptorChain.java:106)\n\tat org.junit.jupiter.engine.execution.InvocationInterceptorChain.proceed(InvocationInterceptorChain.java:64)\n\tat org.junit.jupiter.engine.execution.InvocationInterceptorChain.chainAndInvoke(InvocationInterceptorChain.java:45)\n\tat org.junit.jupiter.engine.execution.InvocationInterceptorChain.invoke(InvocationInterceptorChain.java:37)\n\tat org.junit.jupiter.engine.execution.InterceptingExecutableInvoker.invoke(InterceptingExecutableInvoker.java:92)\n\tat org.junit.jupiter.engine.execution.InterceptingExecutableInvoker.invoke(InterceptingExecutableInvoker.java:86)\n\tat org.junit.jupiter.engine.descriptor.TestMethodTestDescriptor.lambda$invokeTestMethod$7(TestMethodTestDescriptor.java:217)\n\tat org.junit.platform.engine.support.hierarchical.ThrowableCollector.execute(ThrowableCollector.java:73)\n\tat org.junit.jupiter.engine.descriptor.TestMethodTestDescriptor.invokeTestMethod(TestMethodTestDescriptor.java:213)\n\tat org.junit.jupiter.engine.descriptor.TestMethodTestDescriptor.execute(TestMethodTestDescriptor.java:138)\n\tat org.junit.jupiter.engine.descriptor.TestMethodTestDescriptor.execute(TestMethodTestDescriptor.java:68)\n\tat org.junit.platform.engine.support.hierarchical.NodeTestTask.lambda$executeRecursively$6(NodeTestTask.java:151)\n\tat org.junit.platform.engine.support.hierarchical.ThrowableCollector.execute(ThrowableCollector.java:73)\n\tat org.junit.platform.engine.support.hierarchical.NodeTestTask.lambda$executeRecursively$8(NodeTestTask.java:141)\n\tat org.junit.platform.engine.support.hierarchical.Node.around(Node.java:137)\n\tat org.junit.platform.engine.support.hierarchical.NodeTestTask.lambda$executeRecursively$9(NodeTestTask.java:139)\n\tat org.junit.platform.engine.support.hierarchical.ThrowableCollector.execute(ThrowableCollector.java:73)\n\tat org.junit.platform.engine.support.hierarchical.NodeTestTask.executeRecursively(NodeTestTask.java:138)\n\tat org.junit.platform.engine.support.hierarchical.NodeTestTask.execute(NodeTestTask.java:95)\n\tat java.base/java.util.ArrayList.forEach(ArrayList.java:1541)\n\tat org.junit.platform.engine.support.hierarchical.SameThreadHierarchicalTestExecutorService.invokeAll(SameThreadHierarchicalTestExecutorService.java:41)\n\tat org.junit.platform.engine.support.hierarchical.NodeTestTask.lambda$executeRecursively$6(NodeTestTask.java:155)\n\tat org.junit.platform.engine.support.hierarchical.ThrowableCollector.execute(ThrowableCollector.java:73)\n\tat org.junit.platform.engine.support.hierarchical.NodeTestTask.lambda$executeRecursively$8(NodeTestTask.java:141)\n\tat org.junit.platform.engine.support.hierarchical.Node.around(Node.java:137)\n\tat org.junit.platform.engine.support.hierarchical.NodeTestTask.lambda$executeRecursively$9(NodeTestTask.java:139)\n\tat org.junit.platform.engine.support.hierarchical.ThrowableCollector.execute(ThrowableCollector.java:73)\n\tat org.junit.platform.engine.support.hierarchical.NodeTestTask.executeRecursively(NodeTestTask.java:138)\n\tat org.junit.platform.engine.support.hierarchical.NodeTestTask.execute(NodeTestTask.java:95)\n\tat java.base/java.util.ArrayList.forEach(ArrayList.java:1541)\n\tat org.junit.platform.engine.support.hierarchical.SameThreadHierarchicalTestExecutorService.invokeAll(SameThreadHierarchicalTestExecutorService.java:41)\n\tat org.junit.platform.engine.support.hierarchical.NodeTestTask.lambda$executeRecursively$6(NodeTestTask.java:155)\n\tat org.junit.platform.engine.support.hierarchical.ThrowableCollector.execute(ThrowableCollector.java:73)\n\tat org.junit.platform.engine.support.hierarchical.NodeTestTask.lambda$executeRecursively$8(NodeTestTask.java:141)\n\tat org.junit.platform.engine.support.hierarchical.Node.around(Node.java:137)\n\tat org.junit.platform.engine.support.hierarchical.NodeTestTask.lambda$executeRecursively$9(NodeTestTask.java:139)\n\tat org.junit.platform.engine.support.hierarchical.ThrowableCollector.execute(ThrowableCollector.java:73)\n\tat org.junit.platform.engine.support.hierarchical.NodeTestTask.executeRecursively(NodeTestTask.java:138)\n\tat org.junit.platform.engine.support.hierarchical.NodeTestTask.execute(NodeTestTask.java:95)\n\tat org.junit.platform.engine.support.hierarchical.SameThreadHierarchicalTestExecutorService.submit(SameThreadHierarchicalTestExecutorService.java:35)\n\tat org.junit.platform.engine.support.hierarchical.HierarchicalTestExecutor.execute(HierarchicalTestExecutor.java:57)\n\tat org.junit.platform.engine.support.hierarchical.HierarchicalTestEngine.execute(HierarchicalTestEngine.java:54)\n\tat org.junit.platform.launcher.core.EngineExecutionOrchestrator.execute(EngineExecutionOrchestrator.java:147)\n\tat org.junit.platform.launcher.core.EngineExecutionOrchestrator.execute(EngineExecutionOrchestrator.java:127)\n\tat org.junit.platform.launcher.core.EngineExecutionOrchestrator.execute(EngineExecutionOrchestrator.java:90)\n\tat org.junit.platform.launcher.core.EngineExecutionOrchestrator.lambda$execute$0(EngineExecutionOrchestrator.java:55)\n\tat org.junit.platform.launcher.core.EngineExecutionOrchestrator.withInterceptedStreams(EngineExecutionOrchestrator.java:102)\n\tat org.junit.platform.launcher.core.EngineExecutionOrchestrator.execute(EngineExecutionOrchestrator.java:54)\n\tat org.junit.platform.launcher.core.DefaultLauncher.execute(DefaultLauncher.java:114)\n\tat org.junit.platform.launcher.core.DefaultLauncher.execute(DefaultLauncher.java:86)\n\tat org.junit.platform.launcher.core.DefaultLauncherSession$DelegatingLauncher.execute(DefaultLauncherSession.java:86)\n\tat org.gradle.api.internal.tasks.testing.junitplatform.JUnitPlatformTestClassProcessor$CollectAllTestClassesExecutor.processAllTestClasses(JUnitPlatformTestClassProcessor.java:110)\n\tat org.gradle.api.internal.tasks.testing.junitplatform.JUnitPlatformTestClassProcessor$CollectAllTestClassesExecutor.access$000(JUnitPlatformTestClassProcessor.java:90)\n\tat org.gradle.api.internal.tasks.testing.junitplatform.JUnitPlatformTestClassProcessor.stop(JUnitPlatformTestClassProcessor.java:85)\n\tat org.gradle.api.internal.tasks.testing.SuiteTestClassProcessor.stop(SuiteTestClassProcessor.java:62)\n\tat java.base/jdk.internal.reflect.NativeMethodAccessorImpl.invoke0(Native Method)\n\tat java.base/jdk.internal.reflect.NativeMethodAccessorImpl.invoke(NativeMethodAccessorImpl.java:62)\n\tat java.base/jdk.internal.reflect.DelegatingMethodAccessorImpl.invoke(DelegatingMethodAccessorImpl.java:43)\n\tat java.base/java.lang.reflect.Method.invoke(Method.java:566)\n\tat org.gradle.internal.dispatch.ReflectionDispatch.dispatch(ReflectionDispatch.java:36)\n\tat org.gradle.internal.dispatch.ReflectionDispatch.dispatch(ReflectionDispatch.java:24)\n\tat org.gradle.internal.dispatch.ContextClassLoaderDispatch.dispatch(ContextClassLoaderDispatch.java:33)\n\tat org.gradle.internal.dispatch.ProxyDispatchAdapter$DispatchingInvocationHandler.invoke(ProxyDispatchAdapter.java:94)\n\tat com.sun.proxy.$Proxy2.stop(Unknown Source)\n\tat org.gradle.api.internal.tasks.testing.worker.TestWorker$3.run(TestWorker.java:193)\n\tat org.gradle.api.internal.tasks.testing.worker.TestWorker.executeAndMaintainThreadName(TestWorker.java:129)\n\tat org.gradle.api.internal.tasks.testing.worker.TestWorker.execute(TestWorker.java:100)\n\tat org.gradle.api.internal.tasks.testing.worker.TestWorker.execute(TestWorker.java:60)\n\tat org.gradle.process.internal.worker.child.ActionExecutionWorker.execute(ActionExecutionWorker.java:56)\n\tat org.gradle.process.internal.worker.child.SystemApplicationClassLoaderWorker.call(SystemApplicationClassLoaderWorker.java:113)\n\tat org.gradle.process.internal.worker.child.SystemApplicationClassLoaderWorker.call(SystemApplicationClassLoaderWorker.java:65)\n\tat worker.org.gradle.process.internal.worker.GradleWorkerMain.run(GradleWorkerMain.java:69)\n\tat worker.org.gradle.process.internal.worker.GradleWorkerMain.main(GradleWorkerMain.java:74)\nCaused by: org.openqa.selenium.ElementClickInterceptedException: element click intercepted: Element <li class=\"select__item\" data-value=\"...\">Информационные технологии</li> is not clickable at point (1192, 930). Other element would receive the click: <div class=\"cookie-warn \" id=\"cookie-warn\" onclick=\"ym (50230510, 'reachGoal', 'sk-cookie-agree', {URL: document.location.href})\" style=\"display: flex; opacity: 1;\">...</div>\n  (Session info: chrome=122.0.6261.94)\nBuild info: version: '4.13.0', revision: 'ba948ece5b*'\nSystem info: os.name: 'Linux', os.arch: 'amd64', os.version: '6.5.0-1016-azure', java.version: '11.0.22'\nDriver info: org.openqa.selenium.remote.RemoteWebDriver\nCommand: [5d78435b4266c6f0e8287a307208e4a6, clickElement {id=f.BA1303109C1AD314892B6FF221A4B00C.d.A9B77C2EC88C39E91B5C7CD01E1DD1DD.e.314}]\nCapabilities {acceptInsecureCerts: true, browserName: chrome, browserVersion: 122.0.6261.94, chrome: {chromedriverVersion: 122.0.6261.94 (880dbf29479c..., userDataDir: /tmp/.org.chromium.Chromium...}, fedcm:accounts: true, goog:chromeOptions: {debuggerAddress: localhost:46061}, networkConnectionEnabled: false, pageLoadStrategy: normal, platformName: linux, proxy: Proxy(), se:cdp: ws://localhost:4444/devtool..., setWindowRect: true, strictFileInteractability: false, timeouts: {implicit: 0, pageLoad: 300000, script: 30000}, unhandledPromptBehavior: accept, webauthn:extension:credBlob: true, webauthn:extension:largeBlob: true, webauthn:extension:minPinLength: true, webauthn:extension:prf: true, webauthn:virtualAuthenticators: true}\nElement: [[RemoteWebDriver: chrome on linux (5d78435b4266c6f0e8287a307208e4a6)] -> css selector: .select__list li[data-value=\"Информационные технологии\"]]\nSession ID: 5d78435b4266c6f0e8287a307208e4a6\n\tat java.base/jdk.internal.reflect.NativeConstructorAccessorImpl.newInstance0(Native Method)\n\tat java.base/jdk.internal.reflect.NativeConstructorAccessorImpl.newInstance(NativeConstructorAccessorImpl.java:62)\n\tat java.base/jdk.internal.reflect.DelegatingConstructorAccessorImpl.newInstance(DelegatingConstructorAccessorImpl.java:45)\n\tat java.base/java.lang.reflect.Constructor.newInstance(Constructor.java:490)\n\tat org.openqa.selenium.remote.codec.w3c.W3CHttpResponseCodec.createException(W3CHttpResponseCodec.java:200)\n\tat org.openqa.selenium.remote.codec.w3c.W3CHttpResponseCodec.decode(W3CHttpResponseCodec.java:133)\n\tat org.openqa.selenium.remote.codec.w3c.W3CHttpResponseCodec.decode(W3CHttpResponseCodec.java:52)\n\tat org.openqa.selenium.remote.HttpCommandExecutor.execute(HttpCommandExecutor.java:191)\n\tat org.openqa.selenium.remote.RemoteWebDriver.execute(RemoteWebDriver.java:602)\n\tat org.openqa.selenium.remote.RemoteWebElement.execute(RemoteWebElement.java:224)\n\tat org.openqa.selenium.remote.RemoteWebElement.click(RemoteWebElement.java:77)\n\tat com.codeborne.selenide.commands.Click.defaultClick(Click.java:97)\n\tat com.codeborne.selenide.commands.Click.click(Click.java:54)\n\tat com.codeborne.selenide.commands.Click.execute(Click.java:31)\n\tat com.codeborne.selenide.commands.Click.execute(Click.java:21)\n\tat com.codeborne.selenide.commands.Commands.execute(Commands.java:165)\n\tat com.codeborne.selenide.impl.SelenideElementProxy.dispatchAndRetry(SelenideElementProxy.java:132)\n\t... 92 more\n","steps":[],"attachments":[{"uid":"45cabf0610b14d2f","name":"Screenshot","source":"45cabf0610b14d2f.png","type":"image/png","size":127762},{"uid":"31df3e3a2afc3c","name":"Page source","source":"31df3e3a2afc3c.html","type":"text/html","size":274992}],"parameters":[],"shouldDisplayMessage":true,"stepsCount":0,"attachmentsCount":2,"hasContent":true,"attachmentStep":false}],"attachments":[],"parameters":[],"shouldDisplayMessage":false,"stepsCount":29,"attachmentsCount":2,"hasContent":true,"attachmentStep":false},"afterStages":[],"labels":[{"name":"junit.platform.uniqueid","value":"[engine:junit-jupiter]/[class:junit.TestBankRF]/[method:career()]"},{"name":"host","value":"fv-az1456-645"},{"name":"thread","value":"2785@fv-az1456-645.Test worker(1)"},{"name":"framework","value":"junit-platform"},{"name":"language","value":"java"},{"name":"package","value":"junit.TestBankRF"},{"name":"testClass","value":"junit.TestBankRF"},{"name":"testMethod","value":"career"},{"name":"suite","value":"junit.TestBankRF"},{"name":"resultFormat","value":"allure2"}],"parameters":[],"links":[],"hidden":false,"retry":false,"extra":{"severity":"normal","retries":[],"categories":[{"name":"Product defects","matchedStatuses":[],"flaky":false}],"history":{"statistic":{"failed":7,"broken":0,"skipped":0,"passed":0,"unknown":0,"total":7},"items":[{"uid":"267b8d2cd7c48b91","reportUrl":"https://AlexQAEnginer.github.io/demoqa-test-1/13//#testresult/267b8d2cd7c48b91","status":"failed","statusDetails":"Invalid element state [.select__list li[data-value=\"Информационные технологии\"].findBy(text \"Информационные технологии\")]: element click intercepted: Element <li class=\"select__item\" data-value=\"...\">Информационные технологии</li> is not clickable at point (1192, 930). Other element would receive the click: <div class=\"cookie-warn \" id=\"cookie-warn\" onclick=\"ym (50230510, 'reachGoal', 'sk-cookie-agree', {URL: document.location.href})\" style=\"display: flex; opacity: 1;\">...</div>\nScreenshot: file:/home/runner/work/demoqa-test-1/demoqa-test-1/build/reports/tests/1710697672393.3.png\nPage source: file:/home/runner/work/demoqa-test-1/demoqa-test-1/build/reports/tests/1710697672393.3.html\nTimeout: 4 s.\nCaused by: ElementClickInterceptedException: element click intercepted: Element <li class=\"select__item\" data-value=\"...\">Информационные технологии</li> is not clickable at point (1192, 930). Other element would receive the click: <div class=\"cookie-warn \" id=\"cookie-warn\" onclick=\"ym (50230510, 'reachGoal', 'sk-cookie-agree', {URL: document.location.href})\" style=\"display: flex; opacity: 1;\">...</div>","time":{"start":1710697659271,"stop":1710697672774,"duration":13503}},{"uid":"b304e8f2a49b53f6","reportUrl":"https://AlexQAEnginer.github.io/demoqa-test-1/12//#testresult/b304e8f2a49b53f6","status":"failed","statusDetails":"Invalid element state [.select__list li[data-value=\"Информационные технологии\"].findBy(text \"Информационные технологии\")]: element click intercepted: Element <li class=\"select__item\" data-value=\"...\">Информационные технологии</li> is not clickable at point (1192, 930). Other element would receive the click: <div class=\"cookie-warn \" id=\"cookie-warn\" onclick=\"ym (50230510, 'reachGoal', 'sk-cookie-agree', {URL: document.location.href})\" style=\"display: flex; opacity: 1;\">...</div>\nScreenshot: file:/home/runner/work/demoqa-test-1/demoqa-test-1/build/reports/tests/1710697529308.4.png\nPage source: file:/home/runner/work/demoqa-test-1/demoqa-test-1/build/reports/tests/1710697529308.4.html\nTimeout: 4 s.\nCaused by: ElementClickInterceptedException: element click intercepted: Element <li class=\"select__item\" data-value=\"...\">Информационные технологии</li> is not clickable at point (1192, 930). Other element would receive the click: <div class=\"cookie-warn \" id=\"cookie-warn\" onclick=\"ym (50230510, 'reachGoal', 'sk-cookie-agree', {URL: document.location.href})\" style=\"display: flex; opacity: 1;\">...</div>","time":{"start":1710697516296,"stop":1710697529681,"duration":13385}},{"uid":"eb3278decd9b954d","reportUrl":"https://AlexQAEnginer.github.io/demoqa-test-1/11//#testresult/eb3278decd9b954d","status":"failed","statusDetails":"Invalid element state [.select__list li[data-value=\"Информационные технологии\"].findBy(text \"Информационные технологии\")]: element click intercepted: Element <li class=\"select__item\" data-value=\"...\">Информационные технологии</li> is not clickable at point (1192, 930). Other element would receive the click: <div class=\"cookie-warn \" id=\"cookie-warn\" onclick=\"ym (50230510, 'reachGoal', 'sk-cookie-agree', {URL: document.location.href})\" style=\"display: flex; opacity: 1;\">...</div>\nScreenshot: file:/home/runner/work/demoqa-test-1/demoqa-test-1/build/reports/tests/1710693803980.4.png\nPage source: file:/home/runner/work/demoqa-test-1/demoqa-test-1/build/reports/tests/1710693803980.4.html\nTimeout: 4 s.\nCaused by: ElementClickInterceptedException: element click intercepted: Element <li class=\"select__item\" data-value=\"...\">Информационные технологии</li> is not clickable at point (1192, 930). Other element would receive the click: <div class=\"cookie-warn \" id=\"cookie-warn\" onclick=\"ym (50230510, 'reachGoal', 'sk-cookie-agree', {URL: document.location.href})\" style=\"display: flex; opacity: 1;\">...</div>","time":{"start":1710693790041,"stop":1710693804370,"duration":14329}},{"uid":"b7c213273c49f9d4","reportUrl":"https://AlexQAEnginer.github.io/demoqa-test-1/10//#testresult/b7c213273c49f9d4","status":"failed","statusDetails":"Invalid element state [.select__list li[data-value=\"Информационные технологии\"].findBy(text \"Информационные технологии\")]: element click intercepted: Element <li class=\"select__item\" data-value=\"...\">Информационные технологии</li> is not clickable at point (1192, 930). Other element would receive the click: <div class=\"cookie-warn \" id=\"cookie-warn\" onclick=\"ym (50230510, 'reachGoal', 'sk-cookie-agree', {URL: document.location.href})\" style=\"display: flex; opacity: 1;\">...</div>\nScreenshot: file:/home/runner/work/demoqa-test-1/demoqa-test-1/build/reports/tests/1710611637236.4.png\nPage source: file:/home/runner/work/demoqa-test-1/demoqa-test-1/build/reports/tests/1710611637236.4.html\nTimeout: 4 s.\nCaused by: ElementClickInterceptedException: element click intercepted: Element <li class=\"select__item\" data-value=\"...\">Информационные технологии</li> is not clickable at point (1192, 930). Other element would receive the click: <div class=\"cookie-warn \" id=\"cookie-warn\" onclick=\"ym (50230510, 'reachGoal', 'sk-cookie-agree', {URL: document.location.href})\" style=\"display: flex; opacity: 1;\">...</div>","time":{"start":1710611623867,"stop":1710611637606,"duration":13739}},{"uid":"12f3cd4d962add14","reportUrl":"https://AlexQAEnginer.github.io/demoqa-test-1/9//#testresult/12f3cd4d962add14","status":"failed","statusDetails":"Invalid element state [.select__list li[data-value=\"Информационные технологии\"].findBy(text \"Информационные технологии\")]: element click intercepted: Element <li class=\"select__item\" data-value=\"...\">Информационные технологии</li> is not clickable at point (1192, 930). Other element would receive the click: <div class=\"cookie-warn \" id=\"cookie-warn\" onclick=\"ym (50230510, 'reachGoal', 'sk-cookie-agree', {URL: document.location.href})\" style=\"display: flex; opacity: 1;\">...</div>\nScreenshot: file:/home/runner/work/demoqa-test-1/demoqa-test-1/build/reports/tests/1710610729620.3.png\nPage source: file:/home/runner/work/demoqa-test-1/demoqa-test-1/build/reports/tests/1710610729620.3.html\nTimeout: 4 s.\nCaused by: ElementClickInterceptedException: element click intercepted: Element <li class=\"select__item\" data-value=\"...\">Информационные технологии</li> is not clickable at point (1192, 930). Other element would receive the click: <div class=\"cookie-warn \" id=\"cookie-warn\" onclick=\"ym (50230510, 'reachGoal', 'sk-cookie-agree', {URL: document.location.href})\" style=\"display: flex; opacity: 1;\">...</div>","time":{"start":1710610715214,"stop":1710610729983,"duration":14769}},{"uid":"9368519256b0efc2","reportUrl":"https://AlexQAEnginer.github.io/demoqa-test-1/8//#testresult/9368519256b0efc2","status":"failed","statusDetails":"Invalid element state [.select__list li[data-value=\"Информационные технологии\"].findBy(text \"Информационные технологии\")]: element click intercepted: Element <li class=\"select__item\" data-value=\"...\">Информационные технологии</li> is not clickable at point (1192, 930). Other element would receive the click: <div class=\"cookie-warn \" id=\"cookie-warn\" onclick=\"ym (50230510, 'reachGoal', 'sk-cookie-agree', {URL: document.location.href})\" style=\"display: flex; opacity: 1;\">...</div>\nScreenshot: file:/home/runner/work/demoqa-test-1/demoqa-test-1/build/reports/tests/1710263591683.3.png\nPage source: file:/home/runner/work/demoqa-test-1/demoqa-test-1/build/reports/tests/1710263591683.3.html\nTimeout: 4 s.\nCaused by: ElementClickInterceptedException: element click intercepted: Element <li class=\"select__item\" data-value=\"...\">Информационные технологии</li> is not clickable at point (1192, 930). Other element would receive the click: <div class=\"cookie-warn \" id=\"cookie-warn\" onclick=\"ym (50230510, 'reachGoal', 'sk-cookie-agree', {URL: document.location.href})\" style=\"display: flex; opacity: 1;\">...</div>","time":{"start":1710263576268,"stop":1710263592050,"duration":15782}}]},"tags":[]},"source":"318fb02191ea48eb.json","parameterValues":[]}